<?xml version="1.0" encoding="UTF-8"?>
<!-- Generated by org.testng.reporters.JUnitXMLReporter -->
<testsuite ignored="0" hostname="D-DIL-SM01-02" failures="0" tests="3" name="Command line test" time="0.067" errors="0" timestamp="2025-12-09T07:36:28 IST">
  <testcase classname="coreJava.Childclass" name="method2" time="0.018"/>
  <testcase classname="coreJava.ParentClass" name="method1" time="0.0"/>
  <testcase classname="coreJava.ParentClass" name="method1" time="0.0"/>
</testsuite> <!-- Command line test -->
