<?xml version="1.0" encoding="UTF-8"?>
<testng-results ignored="0" total="3" passed="3" failed="0" skipped="0">
  <reporter-output>
  </reporter-output>
  <suite started-at="2025-12-09T07:36:28 IST" name="Command line suite" finished-at="2025-12-09T07:36:28 IST" duration-ms="67">
    <groups>
    </groups>
    <test started-at="2025-12-09T07:36:28 IST" name="Command line test" finished-at="2025-12-09T07:36:28 IST" duration-ms="67">
      <class name="coreJava.ParentClass">
        <test-method is-config="true" signature="method3()[pri:0, instance:coreJava.ParentClass@3891771e]" started-at="2025-12-09T07:36:28 IST" name="method3" finished-at="2025-12-09T07:36:28 IST" duration-ms="0" status="PASS">
          <reporter-output>
          </reporter-output>
        </test-method> <!-- method3 -->
        <test-method signature="method1()[pri:0, instance:coreJava.ParentClass@3891771e]" started-at="2025-12-09T07:36:28 IST" name="method1" finished-at="2025-12-09T07:36:28 IST" duration-ms="0" status="PASS">
          <reporter-output>
          </reporter-output>
        </test-method> <!-- method1 -->
        <test-method is-config="true" signature="method4()[pri:0, instance:coreJava.ParentClass@3891771e]" started-at="2025-12-09T07:36:28 IST" name="method4" finished-at="2025-12-09T07:36:28 IST" duration-ms="1" status="PASS">
          <reporter-output>
          </reporter-output>
        </test-method> <!-- method4 -->
      </class> <!-- coreJava.ParentClass -->
      <class name="coreJava.Childclass">
        <test-method is-config="true" signature="method3()[pri:0, instance:coreJava.Childclass@4923ab24]" started-at="2025-12-09T07:36:28 IST" name="method3" finished-at="2025-12-09T07:36:28 IST" duration-ms="8" status="PASS">
          <reporter-output>
          </reporter-output>
        </test-method> <!-- method3 -->
        <test-method signature="method2()[pri:0, instance:coreJava.Childclass@4923ab24]" started-at="2025-12-09T07:36:28 IST" name="method2" finished-at="2025-12-09T07:36:28 IST" duration-ms="18" status="PASS">
          <reporter-output>
          </reporter-output>
        </test-method> <!-- method2 -->
        <test-method is-config="true" signature="method4()[pri:0, instance:coreJava.Childclass@4923ab24]" started-at="2025-12-09T07:36:28 IST" name="method4" finished-at="2025-12-09T07:36:28 IST" duration-ms="0" status="PASS">
          <reporter-output>
          </reporter-output>
        </test-method> <!-- method4 -->
        <test-method is-config="true" signature="method3()[pri:0, instance:coreJava.Childclass@4923ab24]" started-at="2025-12-09T07:36:28 IST" name="method3" finished-at="2025-12-09T07:36:28 IST" duration-ms="1" status="PASS">
          <reporter-output>
          </reporter-output>
        </test-method> <!-- method3 -->
        <test-method signature="method1()[pri:0, instance:coreJava.Childclass@4923ab24]" started-at="2025-12-09T07:36:28 IST" name="method1" finished-at="2025-12-09T07:36:28 IST" duration-ms="0" status="PASS">
          <reporter-output>
          </reporter-output>
        </test-method> <!-- method1 -->
        <test-method is-config="true" signature="method4()[pri:0, instance:coreJava.Childclass@4923ab24]" started-at="2025-12-09T07:36:28 IST" name="method4" finished-at="2025-12-09T07:36:28 IST" duration-ms="1" status="PASS">
          <reporter-output>
          </reporter-output>
        </test-method> <!-- method4 -->
      </class> <!-- coreJava.Childclass -->
    </test> <!-- Command line test -->
  </suite> <!-- Command line suite -->
</testng-results>
